{"level":"info","message":"No encryption key found - Auto-generating and saving to: /home/node/.n8n/config","metadata":{"file":"instance-settings.js","function":"loadOrCreate","timestamp":"2026-03-24T15:16:08.208Z"}}
{"level":"info","message":"Initializing n8n process","metadata":{"file":"start.js","function":"init","timestamp":"2026-03-24T15:16:08.578Z"}}
{"level":"info","message":"n8n ready on 0.0.0.0, port 5678","metadata":{"file":"abstract-server.js","function":"init","timestamp":"2026-03-24T15:16:09.131Z"}}
{"level":"warn","message":"Migrations in progress, please do NOT stop the process.","metadata":{"file":"migration-helpers.js","function":"logMigrationStart","timestamp":"2026-03-24T15:16:09.157Z"}}
{"level":"info","message":"Starting migration InitialMigration1588102412422","metadata":{"file":"migration-helpers.js","function":"logMigrationStart","timestamp":"2026-03-24T15:16:09.157Z"}}
{"level":"info","message":"Finished migration InitialMigration1588102412422","metadata":{"file":"migration-helpers.js","function":"logMigrationEnd","timestamp":"2026-03-24T15:16:09.160Z"}}
{"level":"info","message":"Starting migration WebhookModel1592445003908","metadata":{"file":"migration-helpers.js","function":"logMigrationStart","timestamp":"2026-03-24T15:16:09.168Z"}}
{"level":"info","message":"Finished migration WebhookModel1592445003908","metadata":{"file":"migration-helpers.js","function":"logMigrationEnd","timestamp":"2026-03-24T15:16:09.168Z"}}
{"level":"info","message":"Starting migration CreateIndexStoppedAt1594825041918","metadata":{"file":"migration-helpers.js","function":"logMigrationStart","timestamp":"2026-03-24T15:16:09.172Z"}}
{"level":"info","message":"Finished migration CreateIndexStoppedAt1594825041918","metadata":{"file":"migration-helpers.js","function":"logMigrationEnd","timestamp":"2026-03-24T15:16:09.173Z"}}
{"level":"info","message":"Starting migration MakeStoppedAtNullable1607431743769","metadata":{"file":"migration-helpers.js","function":"logMigrationStart","timestamp":"2026-03-24T15:16:09.177Z"}}
{"level":"info","message":"Finished migration MakeStoppedAtNullable1607431743769","metadata":{"file":"migration-helpers.js","function":"logMigrationEnd","timestamp":"2026-03-24T15:16:09.178Z"}}
{"level":"info","message":"Starting migration AddWebhookId1611071044839","metadata":{"file":"migration-helpers.js","function":"logMigrationStart","timestamp":"2026-03-24T15:16:09.182Z"}}
{"level":"info","message":"Finished migration AddWebhookId1611071044839","metadata":{"file":"migration-helpers.js","function":"logMigrationEnd","timestamp":"2026-03-24T15:16:09.185Z"}}
{"level":"info","message":"Starting migration CreateTagEntity1617213344594","metadata":{"file":"migration-helpers.js","function":"logMigrationStart","timestamp":"2026-03-24T15:16:09.189Z"}}
{"level":"info","message":"Finished migration CreateTagEntity1617213344594","metadata":{"file":"migration-helpers.js","function":"logMigrationEnd","timestamp":"2026-03-24T15:16:09.199Z"}}
{"level":"info","message":"Starting migration UniqueWorkflowNames1620821879465","metadata":{"file":"migration-helpers.js","function":"logMigrationStart","timestamp":"2026-03-24T15:16:09.203Z"}}
{"level":"info","message":"Finished migration UniqueWorkflowNames1620821879465","metadata":{"file":"migration-helpers.js","function":"logMigrationEnd","timestamp":"2026-03-24T15:16:09.204Z"}}
{"level":"info","message":"Starting migration AddWaitColumn1621707690587","metadata":{"file":"migration-helpers.js","function":"logMigrationStart","timestamp":"2026-03-24T15:16:09.208Z"}}
{"level":"info","message":"Finished migration AddWaitColumn1621707690587","metadata":{"file":"migration-helpers.js","function":"logMigrationEnd","timestamp":"2026-03-24T15:16:09.212Z"}}
{"level":"info","message":"Starting migration UpdateWorkflowCredentials1630330987096","metadata":{"file":"migration-helpers.js","function":"logMigrationStart","timestamp":"2026-03-24T15:16:09.216Z"}}
{"level":"info","message":"Finished migration UpdateWorkflowCredentials1630330987096","metadata":{"file":"migration-helpers.js","function":"logMigrationEnd","timestamp":"2026-03-24T15:16:09.218Z"}}
{"level":"info","message":"Starting migration AddExecutionEntityIndexes1644421939510","metadata":{"file":"migration-helpers.js","function":"logMigrationStart","timestamp":"2026-03-24T15:16:09.222Z"}}
{"level":"info","message":"Finished migration AddExecutionEntityIndexes1644421939510","metadata":{"file":"migration-helpers.js","function":"logMigrationEnd","timestamp":"2026-03-24T15:16:09.225Z"}}
{"level":"info","message":"Starting migration CreateUserManagement1646992772331","metadata":{"file":"migration-helpers.js","function":"logMigrationStart","timestamp":"2026-03-24T15:16:09.229Z"}}
{"level":"info","message":"Finished migration CreateUserManagement1646992772331","metadata":{"file":"migration-helpers.js","function":"logMigrationEnd","timestamp":"2026-03-24T15:16:09.237Z"}}
{"level":"info","message":"Starting migration LowerCaseUserEmail1648740597343","metadata":{"file":"migration-helpers.js","function":"logMigrationStart","timestamp":"2026-03-24T15:16:09.243Z"}}
{"level":"info","message":"Finished migration LowerCaseUserEmail1648740597343","metadata":{"file":"migration-helpers.js","function":"logMigrationEnd","timestamp":"2026-03-24T15:16:09.244Z"}}
{"level":"info","message":"Starting migration CommunityNodes1652254514001","metadata":{"file":"migration-helpers.js","function":"logMigrationStart","timestamp":"2026-03-24T15:16:09.248Z"}}
{"level":"info","message":"Finished migration CommunityNodes1652254514001","metadata":{"file":"migration-helpers.js","function":"logMigrationEnd","timestamp":"2026-03-24T15:16:09.249Z"}}
{"level":"info","message":"Starting migration AddUserSettings1652367743993","metadata":{"file":"migration-helpers.js","function":"logMigrationStart","timestamp":"2026-03-24T15:16:09.252Z"}}
{"level":"info","message":"Finished migration AddUserSettings1652367743993","metadata":{"file":"migration-helpers.js","function":"logMigrationEnd","timestamp":"2026-03-24T15:16:09.261Z"}}
{"level":"info","message":"Starting migration AddAPIKeyColumn1652905585850","metadata":{"file":"migration-helpers.js","function":"logMigrationStart","timestamp":"2026-03-24T15:16:09.264Z"}}
{"level":"info","message":"Finished migration AddAPIKeyColumn1652905585850","metadata":{"file":"migration-helpers.js","function":"logMigrationEnd","timestamp":"2026-03-24T15:16:09.272Z"}}
{"level":"info","message":"Starting migration IntroducePinData1654089251344","metadata":{"file":"migration-helpers.js","function":"logMigrationStart","timestamp":"2026-03-24T15:16:09.275Z"}}
{"level":"info","message":"Finished migration IntroducePinData1654089251344","metadata":{"file":"migration-helpers.js","function":"logMigrationEnd","timestamp":"2026-03-24T15:16:09.276Z"}}
{"level":"info","message":"Starting migration AddNodeIds1658930531669","metadata":{"file":"migration-helpers.js","function":"logMigrationStart","timestamp":"2026-03-24T15:16:09.280Z"}}
{"level":"info","message":"Finished migration AddNodeIds1658930531669","metadata":{"file":"migration-helpers.js","function":"logMigrationEnd","timestamp":"2026-03-24T15:16:09.280Z"}}
{"level":"info","message":"Starting migration AddJsonKeyPinData1659888469333","metadata":{"file":"migration-helpers.js","function":"logMigrationStart","timestamp":"2026-03-24T15:16:09.284Z"}}
{"level":"info","message":"Finished migration AddJsonKeyPinData1659888469333","metadata":{"file":"migration-helpers.js","function":"logMigrationEnd","timestamp":"2026-03-24T15:16:09.285Z"}}
{"level":"info","message":"Starting migration CreateCredentialsUserRole1660062385367","metadata":{"file":"migration-helpers.js","function":"logMigrationStart","timestamp":"2026-03-24T15:16:09.288Z"}}
{"level":"info","message":"Finished migration CreateCredentialsUserRole1660062385367","metadata":{"file":"migration-helpers.js","function":"logMigrationEnd","timestamp":"2026-03-24T15:16:09.289Z"}}
{"level":"info","message":"Starting migration CreateWorkflowsEditorRole1663755770892","metadata":{"file":"migration-helpers.js","function":"logMigrationStart","timestamp":"2026-03-24T15:16:09.293Z"}}
{"level":"info","message":"Finished migration CreateWorkflowsEditorRole1663755770892","metadata":{"file":"migration-helpers.js","function":"logMigrationEnd","timestamp":"2026-03-24T15:16:09.294Z"}}
{"level":"info","message":"Starting migration WorkflowStatistics1664196174000","metadata":{"file":"migration-helpers.js","function":"logMigrationStart","timestamp":"2026-03-24T15:16:09.297Z"}}
{"level":"info","message":"Finished migration WorkflowStatistics1664196174000","metadata":{"file":"migration-helpers.js","function":"logMigrationEnd","timestamp":"2026-03-24T15:16:09.299Z"}}
{"level":"info","message":"Starting migration CreateCredentialUsageTable1665484192211","metadata":{"file":"migration-helpers.js","function":"logMigrationStart","timestamp":"2026-03-24T15:16:09.303Z"}}
{"level":"info","message":"Finished migration CreateCredentialUsageTable1665484192211","metadata":{"file":"migration-helpers.js","function":"logMigrationEnd","timestamp":"2026-03-24T15:16:09.304Z"}}
{"level":"info","message":"Starting migration RemoveCredentialUsageTable1665754637024","metadata":{"file":"migration-helpers.js","function":"logMigrationStart","timestamp":"2026-03-24T15:16:09.307Z"}}
{"level":"info","message":"Finished migration RemoveCredentialUsageTable1665754637024","metadata":{"file":"migration-helpers.js","function":"logMigrationEnd","timestamp":"2026-03-24T15:16:09.308Z"}}
{"level":"info","message":"Starting migration AddWorkflowVersionIdColumn1669739707124","metadata":{"file":"migration-helpers.js","function":"logMigrationStart","timestamp":"2026-03-24T15:16:09.312Z"}}
{"level":"info","message":"Finished migration AddWorkflowVersionIdColumn1669739707124","metadata":{"file":"migration-helpers.js","function":"logMigrationEnd","timestamp":"2026-03-24T15:16:09.314Z"}}
{"level":"info","message":"Starting migration AddTriggerCountColumn1669823906993","metadata":{"file":"migration-helpers.js","function":"logMigrationStart","timestamp":"2026-03-24T15:16:09.320Z"}}
{"level":"info","message":"Finished migration AddTriggerCountColumn1669823906993","metadata":{"file":"migration-helpers.js","function":"logMigrationEnd","timestamp":"2026-03-24T15:16:09.321Z"}}
{"level":"info","message":"Starting migration MessageEventBusDestinations1671535397530","metadata":{"file":"migration-helpers.js","function":"logMigrationStart","timestamp":"2026-03-24T15:16:09.325Z"}}
{"level":"info","message":"Finished migration MessageEventBusDestinations1671535397530","metadata":{"file":"migration-helpers.js","function":"logMigrationEnd","timestamp":"2026-03-24T15:16:09.325Z"}}
{"level":"info","message":"Starting migration RemoveWorkflowDataLoadedFlag1671726148419","metadata":{"file":"migration-helpers.js","function":"logMigrationStart","timestamp":"2026-03-24T15:16:09.329Z"}}
{"level":"info","message":"Finished migration RemoveWorkflowDataLoadedFlag1671726148419","metadata":{"file":"migration-helpers.js","function":"logMigrationEnd","timestamp":"2026-03-24T15:16:09.332Z"}}
{"level":"info","message":"Starting migration DeleteExecutionsWithWorkflows1673268682475","metadata":{"file":"migration-helpers.js","function":"logMigrationStart","timestamp":"2026-03-24T15:16:09.336Z"}}
{"level":"info","message":"Finished migration DeleteExecutionsWithWorkflows1673268682475","metadata":{"file":"migration-helpers.js","function":"logMigrationEnd","timestamp":"2026-03-24T15:16:09.345Z"}}
{"level":"info","message":"Starting migration AddStatusToExecutions1674138566000","metadata":{"file":"migration-helpers.js","function":"logMigrationStart","timestamp":"2026-03-24T15:16:09.348Z"}}
{"level":"info","message":"Finished migration AddStatusToExecutions1674138566000","metadata":{"file":"migration-helpers.js","function":"logMigrationEnd","timestamp":"2026-03-24T15:16:09.349Z"}}
{"level":"info","message":"Starting migration CreateLdapEntities1674509946020","metadata":{"file":"migration-helpers.js","function":"logMigrationStart","timestamp":"2026-03-24T15:16:09.353Z"}}
{"level":"info","message":"Finished migration CreateLdapEntities1674509946020","metadata":{"file":"migration-helpers.js","function":"logMigrationEnd","timestamp":"2026-03-24T15:16:09.355Z"}}
{"level":"info","message":"Starting migration PurgeInvalidWorkflowConnections1675940580449","metadata":{"file":"migration-helpers.js","function":"logMigrationStart","timestamp":"2026-03-24T15:16:09.373Z"}}
{"level":"info","message":"Finished migration PurgeInvalidWorkflowConnections1675940580449","metadata":{"file":"migration-helpers.js","function":"logMigrationEnd","timestamp":"2026-03-24T15:16:09.378Z"}}
{"level":"info","message":"Starting migration MigrateExecutionStatus1676996103000","metadata":{"file":"migration-helpers.js","function":"logMigrationStart","timestamp":"2026-03-24T15:16:09.382Z"}}
{"level":"info","message":"Finished migration MigrateExecutionStatus1676996103000","metadata":{"file":"migration-helpers.js","function":"logMigrationEnd","timestamp":"2026-03-24T15:16:09.383Z"}}
{"level":"info","message":"Starting migration UpdateRunningExecutionStatus1677237073720","metadata":{"file":"migration-helpers.js","function":"logMigrationStart","timestamp":"2026-03-24T15:16:09.387Z"}}
{"level":"info","message":"Finished migration UpdateRunningExecutionStatus1677237073720","metadata":{"file":"migration-helpers.js","function":"logMigrationEnd","timestamp":"2026-03-24T15:16:09.387Z"}}
{"level":"info","message":"Starting migration CreateVariables1677501636752","metadata":{"file":"migration-helpers.js","function":"logMigrationStart","timestamp":"2026-03-24T15:16:09.393Z"}}
{"level":"info","message":"Finished migration CreateVariables1677501636752","metadata":{"file":"migration-helpers.js","function":"logMigrationEnd","timestamp":"2026-03-24T15:16:09.394Z"}}
{"level":"info","message":"Starting migration CreateExecutionMetadataTable1679416281777","metadata":{"file":"migration-helpers.js","function":"logMigrationStart","timestamp":"2026-03-24T15:16:09.400Z"}}
{"level":"info","message":"Finished migration CreateExecutionMetadataTable1679416281777","metadata":{"file":"migration-helpers.js","function":"logMigrationEnd","timestamp":"2026-03-24T15:16:09.403Z"}}
{"level":"info","message":"Starting migration AddUserActivatedProperty1681134145996","metadata":{"file":"migration-helpers.js","function":"logMigrationStart","timestamp":"2026-03-24T15:16:09.407Z"}}
{"level":"info","message":"Finished migration AddUserActivatedProperty1681134145996","metadata":{"file":"migration-helpers.js","function":"logMigrationEnd","timestamp":"2026-03-24T15:16:09.408Z"}}
{"level":"info","message":"Starting migration RemoveSkipOwnerSetup1681134145997","metadata":{"file":"migration-helpers.js","function":"logMigrationStart","timestamp":"2026-03-24T15:16:09.412Z"}}
{"level":"info","message":"Finished migration RemoveSkipOwnerSetup1681134145997","metadata":{"file":"migration-helpers.js","function":"logMigrationEnd","timestamp":"2026-03-24T15:16:09.413Z"}}
{"level":"info","message":"Starting migration MigrateIntegerKeysToString1690000000002","metadata":{"file":"migration-helpers.js","function":"logMigrationStart","timestamp":"2026-03-24T15:16:09.416Z"}}
{"level":"info","message":"Finished migration MigrateIntegerKeysToString1690000000002","metadata":{"file":"migration-helpers.js","function":"logMigrationEnd","timestamp":"2026-03-24T15:16:09.461Z"}}
{"level":"info","message":"Starting migration SeparateExecutionData1690000000010","metadata":{"file":"migration-helpers.js","function":"logMigrationStart","timestamp":"2026-03-24T15:16:09.467Z"}}
{"level":"info","message":"Finished migration SeparateExecutionData1690000000010","metadata":{"file":"migration-helpers.js","function":"logMigrationEnd","timestamp":"2026-03-24T15:16:09.473Z"}}
{"level":"info","message":"Starting migration FixMissingIndicesFromStringIdMigration1690000000020","metadata":{"file":"migration-helpers.js","function":"logMigrationStart","timestamp":"2026-03-24T15:16:09.478Z"}}
{"level":"info","message":"Finished migration FixMissingIndicesFromStringIdMigration1690000000020","metadata":{"file":"migration-helpers.js","function":"logMigrationEnd","timestamp":"2026-03-24T15:16:09.480Z"}}
{"level":"info","message":"Starting migration RemoveResetPasswordColumns1690000000030","metadata":{"file":"migration-helpers.js","function":"logMigrationStart","timestamp":"2026-03-24T15:16:09.484Z"}}
{"level":"info","message":"Finished migration RemoveResetPasswordColumns1690000000030","metadata":{"file":"migration-helpers.js","function":"logMigrationEnd","timestamp":"2026-03-24T15:16:09.511Z"}}
{"level":"info","message":"Starting migration AddMfaColumns1690000000030","metadata":{"file":"migration-helpers.js","function":"logMigrationStart","timestamp":"2026-03-24T15:16:09.515Z"}}
{"level":"info","message":"Finished migration AddMfaColumns1690000000030","metadata":{"file":"migration-helpers.js","function":"logMigrationEnd","timestamp":"2026-03-24T15:16:09.529Z"}}
{"level":"info","message":"Starting migration CreateWorkflowNameIndex1691088862123","metadata":{"file":"migration-helpers.js","function":"logMigrationStart","timestamp":"2026-03-24T15:16:09.532Z"}}
{"level":"info","message":"Finished migration CreateWorkflowNameIndex1691088862123","metadata":{"file":"migration-helpers.js","function":"logMigrationEnd","timestamp":"2026-03-24T15:16:09.536Z"}}
{"level":"info","message":"Starting migration CreateWorkflowHistoryTable1692967111175","metadata":{"file":"migration-helpers.js","function":"logMigrationStart","timestamp":"2026-03-24T15:16:09.541Z"}}
{"level":"info","message":"Finished migration CreateWorkflowHistoryTable1692967111175","metadata":{"file":"migration-helpers.js","function":"logMigrationEnd","timestamp":"2026-03-24T15:16:09.545Z"}}
{"level":"info","message":"Starting migration ExecutionSoftDelete1693491613982","metadata":{"file":"migration-helpers.js","function":"logMigrationStart","timestamp":"2026-03-24T15:16:09.549Z"}}
{"level":"info","message":"Finished migration ExecutionSoftDelete1693491613982","metadata":{"file":"migration-helpers.js","function":"logMigrationEnd","timestamp":"2026-03-24T15:16:09.567Z"}}
{"level":"info","message":"Starting migration DisallowOrphanExecutions1693554410387","metadata":{"file":"migration-helpers.js","function":"logMigrationStart","timestamp":"2026-03-24T15:16:09.571Z"}}
{"level":"info","message":"Finished migration DisallowOrphanExecutions1693554410387","metadata":{"file":"migration-helpers.js","function":"logMigrationEnd","timestamp":"2026-03-24T15:16:09.589Z"}}
{"level":"info","message":"Starting migration AddWorkflowMetadata1695128658538","metadata":{"file":"migration-helpers.js","function":"logMigrationStart","timestamp":"2026-03-24T15:16:09.596Z"}}
{"level":"info","message":"Finished migration AddWorkflowMetadata1695128658538","metadata":{"file":"migration-helpers.js","function":"logMigrationEnd","timestamp":"2026-03-24T15:16:09.604Z"}}
{"level":"info","message":"Starting migration ModifyWorkflowHistoryNodesAndConnections1695829275184","metadata":{"file":"migration-helpers.js","function":"logMigrationStart","timestamp":"2026-03-24T15:16:09.608Z"}}
{"level":"info","message":"Finished migration ModifyWorkflowHistoryNodesAndConnections1695829275184","metadata":{"file":"migration-helpers.js","function":"logMigrationEnd","timestamp":"2026-03-24T15:16:09.620Z"}}
{"level":"info","message":"Starting migration AddGlobalAdminRole1700571993961","metadata":{"file":"migration-helpers.js","function":"logMigrationStart","timestamp":"2026-03-24T15:16:09.624Z"}}
{"level":"info","message":"Finished migration AddGlobalAdminRole1700571993961","metadata":{"file":"migration-helpers.js","function":"logMigrationEnd","timestamp":"2026-03-24T15:16:09.625Z"}}
{"level":"info","message":"Starting migration DropRoleMapping1705429061930","metadata":{"file":"migration-helpers.js","function":"logMigrationStart","timestamp":"2026-03-24T15:16:09.628Z"}}
{"level":"info","message":"Finished migration DropRoleMapping1705429061930","metadata":{"file":"migration-helpers.js","function":"logMigrationEnd","timestamp":"2026-03-24T15:16:09.726Z"}}
{"level":"info","message":"Starting migration RemoveFailedExecutionStatus1711018413374","metadata":{"file":"migration-helpers.js","function":"logMigrationStart","timestamp":"2026-03-24T15:16:09.730Z"}}
{"level":"info","message":"Finished migration RemoveFailedExecutionStatus1711018413374","metadata":{"file":"migration-helpers.js","function":"logMigrationEnd","timestamp":"2026-03-24T15:16:09.731Z"}}
{"level":"info","message":"Starting migration MoveSshKeysToDatabase1711390882123","metadata":{"file":"migration-helpers.js","function":"logMigrationStart","timestamp":"2026-03-24T15:16:09.736Z"}}
{"level":"info","message":"[MoveSshKeysToDatabase1711390882123] No SSH keys in filesystem, skipping","metadata":{"file":"1711390882123-MoveSshKeysToDatabase.js","function":"up","timestamp":"2026-03-24T15:16:09.736Z"}}
{"level":"info","message":"Finished migration MoveSshKeysToDatabase1711390882123","metadata":{"file":"migration-helpers.js","function":"logMigrationEnd","timestamp":"2026-03-24T15:16:09.737Z"}}
{"level":"info","message":"Starting migration RemoveNodesAccess1712044305787","metadata":{"file":"migration-helpers.js","function":"logMigrationStart","timestamp":"2026-03-24T15:16:09.743Z"}}
{"level":"info","message":"Finished migration RemoveNodesAccess1712044305787","metadata":{"file":"migration-helpers.js","function":"logMigrationEnd","timestamp":"2026-03-24T15:16:09.751Z"}}
{"level":"info","message":"Starting migration CreateProject1714133768519","metadata":{"file":"migration-helpers.js","function":"logMigrationStart","timestamp":"2026-03-24T15:16:09.756Z"}}
{"level":"info","message":"Finished migration CreateProject1714133768519","metadata":{"file":"migration-helpers.js","function":"logMigrationEnd","timestamp":"2026-03-24T15:16:09.831Z"}}
{"level":"info","message":"Starting migration MakeExecutionStatusNonNullable1714133768521","metadata":{"file":"migration-helpers.js","function":"logMigrationStart","timestamp":"2026-03-24T15:16:09.841Z"}}
{"level":"info","message":"Finished migration MakeExecutionStatusNonNullable1714133768521","metadata":{"file":"migration-helpers.js","function":"logMigrationEnd","timestamp":"2026-03-24T15:16:09.856Z"}}
{"level":"info","message":"Starting migration AddActivatedAtUserSetting1717498465931","metadata":{"file":"migration-helpers.js","function":"logMigrationStart","timestamp":"2026-03-24T15:16:09.860Z"}}
{"level":"info","message":"Finished migration AddActivatedAtUserSetting1717498465931","metadata":{"file":"migration-helpers.js","function":"logMigrationEnd","timestamp":"2026-03-24T15:16:09.862Z"}}
{"level":"info","message":"Starting migration AddConstraintToExecutionMetadata1720101653148","metadata":{"file":"migration-helpers.js","function":"logMigrationStart","timestamp":"2026-03-24T15:16:09.865Z"}}
{"level":"info","message":"Finished migration AddConstraintToExecutionMetadata1720101653148","metadata":{"file":"migration-helpers.js","function":"logMigrationEnd","timestamp":"2026-03-24T15:16:09.873Z"}}
{"level":"info","message":"Starting migration CreateInvalidAuthTokenTable1723627610222","metadata":{"file":"migration-helpers.js","function":"logMigrationStart","timestamp":"2026-03-24T15:16:09.877Z"}}
{"level":"info","message":"Finished migration CreateInvalidAuthTokenTable1723627610222","metadata":{"file":"migration-helpers.js","function":"logMigrationEnd","timestamp":"2026-03-24T15:16:09.878Z"}}
{"level":"info","message":"Starting migration RefactorExecutionIndices1723796243146","metadata":{"file":"migration-helpers.js","function":"logMigrationStart","timestamp":"2026-03-24T15:16:09.883Z"}}
{"level":"info","message":"Finished migration RefactorExecutionIndices1723796243146","metadata":{"file":"migration-helpers.js","function":"logMigrationEnd","timestamp":"2026-03-24T15:16:09.889Z"}}
{"level":"info","message":"Starting migration CreateAnnotationTables1724753530828","metadata":{"file":"migration-helpers.js","function":"logMigrationStart","timestamp":"2026-03-24T15:16:09.895Z"}}
{"level":"info","message":"Finished migration CreateAnnotationTables1724753530828","metadata":{"file":"migration-helpers.js","function":"logMigrationEnd","timestamp":"2026-03-24T15:16:09.901Z"}}
{"level":"info","message":"Starting migration AddApiKeysTable1724951148974","metadata":{"file":"migration-helpers.js","function":"logMigrationStart","timestamp":"2026-03-24T15:16:09.904Z"}}
{"level":"info","message":"Finished migration AddApiKeysTable1724951148974","metadata":{"file":"migration-helpers.js","function":"logMigrationEnd","timestamp":"2026-03-24T15:16:09.916Z"}}
{"level":"info","message":"Starting migration CreateProcessedDataTable1726606152711","metadata":{"file":"migration-helpers.js","function":"logMigrationStart","timestamp":"2026-03-24T15:16:09.919Z"}}
{"level":"info","message":"Finished migration CreateProcessedDataTable1726606152711","metadata":{"file":"migration-helpers.js","function":"logMigrationEnd","timestamp":"2026-03-24T15:16:09.920Z"}}
{"level":"info","message":"Starting migration SeparateExecutionCreationFromStart1727427440136","metadata":{"file":"migration-helpers.js","function":"logMigrationStart","timestamp":"2026-03-24T15:16:09.926Z"}}
{"level":"info","message":"Finished migration SeparateExecutionCreationFromStart1727427440136","metadata":{"file":"migration-helpers.js","function":"logMigrationEnd","timestamp":"2026-03-24T15:16:09.945Z"}}
{"level":"info","message":"Starting migration AddMissingPrimaryKeyOnAnnotationTagMapping1728659839644","metadata":{"file":"migration-helpers.js","function":"logMigrationStart","timestamp":"2026-03-24T15:16:09.949Z"}}
{"level":"info","message":"Finished migration AddMissingPrimaryKeyOnAnnotationTagMapping1728659839644","metadata":{"file":"migration-helpers.js","function":"logMigrationEnd","timestamp":"2026-03-24T15:16:09.952Z"}}
{"level":"info","message":"Starting migration UpdateProcessedDataValueColumnToText1729607673464","metadata":{"file":"migration-helpers.js","function":"logMigrationStart","timestamp":"2026-03-24T15:16:09.956Z"}}
{"level":"info","message":"Finished migration UpdateProcessedDataValueColumnToText1729607673464","metadata":{"file":"migration-helpers.js","function":"logMigrationEnd","timestamp":"2026-03-24T15:16:09.971Z"}}
{"level":"info","message":"Starting migration AddProjectIcons1729607673469","metadata":{"file":"migration-helpers.js","function":"logMigrationStart","timestamp":"2026-03-24T15:16:09.974Z"}}
{"level":"info","message":"Finished migration AddProjectIcons1729607673469","metadata":{"file":"migration-helpers.js","function":"logMigrationEnd","timestamp":"2026-03-24T15:16:09.985Z"}}
{"level":"info","message":"Starting migration CreateTestDefinitionTable1730386903556","metadata":{"file":"migration-helpers.js","function":"logMigrationStart","timestamp":"2026-03-24T15:16:09.988Z"}}
{"level":"info","message":"Finished migration CreateTestDefinitionTable1730386903556","metadata":{"file":"migration-helpers.js","function":"logMigrationEnd","timestamp":"2026-03-24T15:16:09.990Z"}}
{"level":"info","message":"Starting migration AddDescriptionToTestDefinition1731404028106","metadata":{"file":"migration-helpers.js","function":"logMigrationStart","timestamp":"2026-03-24T15:16:09.993Z"}}
{"level":"info","message":"Finished migration AddDescriptionToTestDefinition1731404028106","metadata":{"file":"migration-helpers.js","function":"logMigrationEnd","timestamp":"2026-03-24T15:16:10.007Z"}}
{"level":"info","message":"Starting migration MigrateTestDefinitionKeyToString1731582748663","metadata":{"file":"migration-helpers.js","function":"logMigrationStart","timestamp":"2026-03-24T15:16:10.010Z"}}
{"level":"info","message":"Finished migration MigrateTestDefinitionKeyToString1731582748663","metadata":{"file":"migration-helpers.js","function":"logMigrationEnd","timestamp":"2026-03-24T15:16:10.018Z"}}
{"level":"info","message":"Starting migration CreateTestMetricTable1732271325258","metadata":{"file":"migration-helpers.js","function":"logMigrationStart","timestamp":"2026-03-24T15:16:10.023Z"}}
{"level":"info","message":"Finished migration CreateTestMetricTable1732271325258","metadata":{"file":"migration-helpers.js","function":"logMigrationEnd","timestamp":"2026-03-24T15:16:10.025Z"}}
{"level":"info","message":"Starting migration CreateTestRun1732549866705","metadata":{"file":"migration-helpers.js","function":"logMigrationStart","timestamp":"2026-03-24T15:16:10.029Z"}}
{"level":"info","message":"Finished migration CreateTestRun1732549866705","metadata":{"file":"migration-helpers.js","function":"logMigrationEnd","timestamp":"2026-03-24T15:16:10.031Z"}}
{"level":"info","message":"Starting migration AddMockedNodesColumnToTestDefinition1733133775640","metadata":{"file":"migration-helpers.js","function":"logMigrationStart","timestamp":"2026-03-24T15:16:10.034Z"}}
{"level":"info","message":"Finished migration AddMockedNodesColumnToTestDefinition1733133775640","metadata":{"file":"migration-helpers.js","function":"logMigrationEnd","timestamp":"2026-03-24T15:16:10.036Z"}}
{"level":"info","message":"Starting migration AddManagedColumnToCredentialsTable1734479635324","metadata":{"file":"migration-helpers.js","function":"logMigrationStart","timestamp":"2026-03-24T15:16:10.039Z"}}
{"level":"info","message":"Finished migration AddManagedColumnToCredentialsTable1734479635324","metadata":{"file":"migration-helpers.js","function":"logMigrationEnd","timestamp":"2026-03-24T15:16:10.041Z"}}
{"level":"info","message":"Starting migration AddStatsColumnsToTestRun1736172058779","metadata":{"file":"migration-helpers.js","function":"logMigrationStart","timestamp":"2026-03-24T15:16:10.045Z"}}
{"level":"info","message":"Finished migration AddStatsColumnsToTestRun1736172058779","metadata":{"file":"migration-helpers.js","function":"logMigrationEnd","timestamp":"2026-03-24T15:16:10.050Z"}}
{"level":"info","message":"Starting migration CreateTestCaseExecutionTable1736947513045","metadata":{"file":"migration-helpers.js","function":"logMigrationStart","timestamp":"2026-03-24T15:16:10.054Z"}}
{"level":"info","message":"Finished migration CreateTestCaseExecutionTable1736947513045","metadata":{"file":"migration-helpers.js","function":"logMigrationEnd","timestamp":"2026-03-24T15:16:10.057Z"}}
{"level":"info","message":"Starting migration AddErrorColumnsToTestRuns1737715421462","metadata":{"file":"migration-helpers.js","function":"logMigrationStart","timestamp":"2026-03-24T15:16:10.061Z"}}
{"level":"info","message":"Finished migration AddErrorColumnsToTestRuns1737715421462","metadata":{"file":"migration-helpers.js","function":"logMigrationEnd","timestamp":"2026-03-24T15:16:10.064Z"}}
{"level":"info","message":"Starting migration CreateFolderTable1738709609940","metadata":{"file":"migration-helpers.js","function":"logMigrationStart","timestamp":"2026-03-24T15:16:10.068Z"}}
{"level":"info","message":"Finished migration CreateFolderTable1738709609940","metadata":{"file":"migration-helpers.js","function":"logMigrationEnd","timestamp":"2026-03-24T15:16:10.076Z"}}
{"level":"info","message":"Starting migration CreateAnalyticsTables1739549398681","metadata":{"file":"migration-helpers.js","function":"logMigrationStart","timestamp":"2026-03-24T15:16:10.079Z"}}
{"level":"info","message":"Finished migration CreateAnalyticsTables1739549398681","metadata":{"file":"migration-helpers.js","function":"logMigrationEnd","timestamp":"2026-03-24T15:16:10.083Z"}}
{"level":"info","message":"Starting migration UpdateParentFolderIdColumn1740445074052","metadata":{"file":"migration-helpers.js","function":"logMigrationStart","timestamp":"2026-03-24T15:16:10.086Z"}}
{"level":"info","message":"Finished migration UpdateParentFolderIdColumn1740445074052","metadata":{"file":"migration-helpers.js","function":"logMigrationEnd","timestamp":"2026-03-24T15:16:10.103Z"}}
{"level":"info","message":"Starting migration RenameAnalyticsToInsights1741167584277","metadata":{"file":"migration-helpers.js","function":"logMigrationStart","timestamp":"2026-03-24T15:16:10.106Z"}}
{"level":"info","message":"Finished migration RenameAnalyticsToInsights1741167584277","metadata":{"file":"migration-helpers.js","function":"logMigrationEnd","timestamp":"2026-03-24T15:16:10.116Z"}}
{"level":"info","message":"Starting migration AddScopesColumnToApiKeys1742918400000","metadata":{"file":"migration-helpers.js","function":"logMigrationStart","timestamp":"2026-03-24T15:16:10.119Z"}}
{"level":"info","message":"Finished migration AddScopesColumnToApiKeys1742918400000","metadata":{"file":"migration-helpers.js","function":"logMigrationEnd","timestamp":"2026-03-24T15:16:10.131Z"}}
{"level":"info","message":"Starting migration ClearEvaluation1745322634000","metadata":{"file":"migration-helpers.js","function":"logMigrationStart","timestamp":"2026-03-24T15:16:10.134Z"}}
{"level":"info","message":"Finished migration ClearEvaluation1745322634000","metadata":{"file":"migration-helpers.js","function":"logMigrationEnd","timestamp":"2026-03-24T15:16:10.147Z"}}
{"level":"info","message":"Starting migration AddWorkflowStatisticsRootCount1745587087521","metadata":{"file":"migration-helpers.js","function":"logMigrationStart","timestamp":"2026-03-24T15:16:10.152Z"}}
{"level":"info","message":"Finished migration AddWorkflowStatisticsRootCount1745587087521","metadata":{"file":"migration-helpers.js","function":"logMigrationEnd","timestamp":"2026-03-24T15:16:10.154Z"}}
{"level":"info","message":"Starting migration AddWorkflowArchivedColumn1745934666076","metadata":{"file":"migration-helpers.js","function":"logMigrationStart","timestamp":"2026-03-24T15:16:10.158Z"}}
{"level":"info","message":"Finished migration AddWorkflowArchivedColumn1745934666076","metadata":{"file":"migration-helpers.js","function":"logMigrationEnd","timestamp":"2026-03-24T15:16:10.160Z"}}
{"level":"info","message":"Starting migration DropRoleTable1745934666077","metadata":{"file":"migration-helpers.js","function":"logMigrationStart","timestamp":"2026-03-24T15:16:10.163Z"}}
{"level":"info","message":"Finished migration DropRoleTable1745934666077","metadata":{"file":"migration-helpers.js","function":"logMigrationEnd","timestamp":"2026-03-24T15:16:10.166Z"}}
{"level":"info","message":"Starting migration AddProjectDescriptionColumn1747824239000","metadata":{"file":"migration-helpers.js","function":"logMigrationStart","timestamp":"2026-03-24T15:16:10.170Z"}}
{"level":"info","message":"Finished migration AddProjectDescriptionColumn1747824239000","metadata":{"file":"migration-helpers.js","function":"logMigrationEnd","timestamp":"2026-03-24T15:16:10.172Z"}}
{"level":"info","message":"Starting migration AddLastActiveAtColumnToUser1750252139166","metadata":{"file":"migration-helpers.js","function":"logMigrationStart","timestamp":"2026-03-24T15:16:10.176Z"}}
{"level":"info","message":"Finished migration AddLastActiveAtColumnToUser1750252139166","metadata":{"file":"migration-helpers.js","function":"logMigrationEnd","timestamp":"2026-03-24T15:16:10.177Z"}}
{"level":"info","message":"Starting migration AddScopeTables1750252139166","metadata":{"file":"migration-helpers.js","function":"logMigrationStart","timestamp":"2026-03-24T15:16:10.181Z"}}
{"level":"info","message":"Finished migration AddScopeTables1750252139166","metadata":{"file":"migration-helpers.js","function":"logMigrationEnd","timestamp":"2026-03-24T15:16:10.182Z"}}
{"level":"info","message":"Starting migration AddRolesTables1750252139167","metadata":{"file":"migration-helpers.js","function":"logMigrationStart","timestamp":"2026-03-24T15:16:10.186Z"}}
{"level":"info","message":"Finished migration AddRolesTables1750252139167","metadata":{"file":"migration-helpers.js","function":"logMigrationEnd","timestamp":"2026-03-24T15:16:10.189Z"}}
{"level":"info","message":"Starting migration LinkRoleToUserTable1750252139168","metadata":{"file":"migration-helpers.js","function":"logMigrationStart","timestamp":"2026-03-24T15:16:10.194Z"}}
{"level":"info","message":"Finished migration LinkRoleToUserTable1750252139168","metadata":{"file":"migration-helpers.js","function":"logMigrationEnd","timestamp":"2026-03-24T15:16:10.208Z"}}
{"level":"info","message":"Starting migration RemoveOldRoleColumn1750252139170","metadata":{"file":"migration-helpers.js","function":"logMigrationStart","timestamp":"2026-03-24T15:16:10.214Z"}}
{"level":"info","message":"Finished migration RemoveOldRoleColumn1750252139170","metadata":{"file":"migration-helpers.js","function":"logMigrationEnd","timestamp":"2026-03-24T15:16:10.221Z"}}
{"level":"info","message":"Starting migration AddInputsOutputsToTestCaseExecution1752669793000","metadata":{"file":"migration-helpers.js","function":"logMigrationStart","timestamp":"2026-03-24T15:16:10.224Z"}}
{"level":"info","message":"Finished migration AddInputsOutputsToTestCaseExecution1752669793000","metadata":{"file":"migration-helpers.js","function":"logMigrationEnd","timestamp":"2026-03-24T15:16:10.231Z"}}
{"level":"info","message":"Starting migration LinkRoleToProjectRelationTable1753953244168","metadata":{"file":"migration-helpers.js","function":"logMigrationStart","timestamp":"2026-03-24T15:16:10.235Z"}}
{"level":"info","message":"Finished migration LinkRoleToProjectRelationTable1753953244168","metadata":{"file":"migration-helpers.js","function":"logMigrationEnd","timestamp":"2026-03-24T15:16:10.246Z"}}
{"level":"info","message":"Starting migration CreateDataStoreTables1754475614601","metadata":{"file":"migration-helpers.js","function":"logMigrationStart","timestamp":"2026-03-24T15:16:10.250Z"}}
{"level":"info","message":"Finished migration CreateDataStoreTables1754475614601","metadata":{"file":"migration-helpers.js","function":"logMigrationEnd","timestamp":"2026-03-24T15:16:10.253Z"}}
{"level":"info","message":"Starting migration ReplaceDataStoreTablesWithDataTables1754475614602","metadata":{"file":"migration-helpers.js","function":"logMigrationStart","timestamp":"2026-03-24T15:16:10.257Z"}}
{"level":"info","message":"Finished migration ReplaceDataStoreTablesWithDataTables1754475614602","metadata":{"file":"migration-helpers.js","function":"logMigrationEnd","timestamp":"2026-03-24T15:16:10.264Z"}}
{"level":"info","message":"Starting migration AddTimestampsToRoleAndRoleIndexes1756906557570","metadata":{"file":"migration-helpers.js","function":"logMigrationStart","timestamp":"2026-03-24T15:16:10.269Z"}}
{"level":"info","message":"Finished migration AddTimestampsToRoleAndRoleIndexes1756906557570","metadata":{"file":"migration-helpers.js","function":"logMigrationEnd","timestamp":"2026-03-24T15:16:10.281Z"}}
{"level":"info","message":"Starting migration AddAudienceColumnToApiKeys1758731786132","metadata":{"file":"migration-helpers.js","function":"logMigrationStart","timestamp":"2026-03-24T15:16:10.285Z"}}
{"level":"info","message":"Finished migration AddAudienceColumnToApiKeys1758731786132","metadata":{"file":"migration-helpers.js","function":"logMigrationEnd","timestamp":"2026-03-24T15:16:10.293Z"}}
{"level":"info","message":"Starting migration AddProjectIdToVariableTable1758794506893","metadata":{"file":"migration-helpers.js","function":"logMigrationStart","timestamp":"2026-03-24T15:16:10.297Z"}}
{"level":"info","message":"Finished migration AddProjectIdToVariableTable1758794506893","metadata":{"file":"migration-helpers.js","function":"logMigrationEnd","timestamp":"2026-03-24T15:16:10.307Z"}}
{"level":"info","message":"Starting migration ChangeValueTypesForInsights1759399811000","metadata":{"file":"migration-helpers.js","function":"logMigrationStart","timestamp":"2026-03-24T15:16:10.312Z"}}
{"level":"info","message":"Finished migration ChangeValueTypesForInsights1759399811000","metadata":{"file":"migration-helpers.js","function":"logMigrationEnd","timestamp":"2026-03-24T15:16:10.327Z"}}
{"level":"info","message":"Starting migration CreateChatHubTables1760019379982","metadata":{"file":"migration-helpers.js","function":"logMigrationStart","timestamp":"2026-03-24T15:16:10.331Z"}}
{"level":"info","message":"Finished migration CreateChatHubTables1760019379982","metadata":{"file":"migration-helpers.js","function":"logMigrationEnd","timestamp":"2026-03-24T15:16:10.333Z"}}
{"level":"info","message":"Starting migration CreateChatHubAgentTable1760020000000","metadata":{"file":"migration-helpers.js","function":"logMigrationStart","timestamp":"2026-03-24T15:16:10.338Z"}}
{"level":"info","message":"Finished migration CreateChatHubAgentTable1760020000000","metadata":{"file":"migration-helpers.js","function":"logMigrationEnd","timestamp":"2026-03-24T15:16:10.355Z"}}
{"level":"info","message":"Starting migration UniqueRoleNames1760020838000","metadata":{"file":"migration-helpers.js","function":"logMigrationStart","timestamp":"2026-03-24T15:16:10.359Z"}}
{"level":"info","message":"Finished migration UniqueRoleNames1760020838000","metadata":{"file":"migration-helpers.js","function":"logMigrationEnd","timestamp":"2026-03-24T15:16:10.362Z"}}
{"level":"info","message":"Starting migration CreateOAuthEntities1760116750277","metadata":{"file":"migration-helpers.js","function":"logMigrationStart","timestamp":"2026-03-24T15:16:10.366Z"}}
{"level":"info","message":"Finished migration CreateOAuthEntities1760116750277","metadata":{"file":"migration-helpers.js","function":"logMigrationEnd","timestamp":"2026-03-24T15:16:10.371Z"}}
{"level":"info","message":"Starting migration CreateWorkflowDependencyTable1760314000000","metadata":{"file":"migration-helpers.js","function":"logMigrationStart","timestamp":"2026-03-24T15:16:10.375Z"}}
{"level":"info","message":"Finished migration CreateWorkflowDependencyTable1760314000000","metadata":{"file":"migration-helpers.js","function":"logMigrationEnd","timestamp":"2026-03-24T15:16:10.377Z"}}
{"level":"info","message":"Starting migration DropUnusedChatHubColumns1760965142113","metadata":{"file":"migration-helpers.js","function":"logMigrationStart","timestamp":"2026-03-24T15:16:10.381Z"}}
{"level":"info","message":"Finished migration DropUnusedChatHubColumns1760965142113","metadata":{"file":"migration-helpers.js","function":"logMigrationEnd","timestamp":"2026-03-24T15:16:10.393Z"}}
{"level":"info","message":"Starting migration AddWorkflowVersionColumn1761047826451","metadata":{"file":"migration-helpers.js","function":"logMigrationStart","timestamp":"2026-03-24T15:16:10.398Z"}}
{"level":"info","message":"Finished migration AddWorkflowVersionColumn1761047826451","metadata":{"file":"migration-helpers.js","function":"logMigrationEnd","timestamp":"2026-03-24T15:16:10.400Z"}}
{"level":"info","message":"Starting migration ChangeDependencyInfoToJson1761655473000","metadata":{"file":"migration-helpers.js","function":"logMigrationStart","timestamp":"2026-03-24T15:16:10.404Z"}}
{"level":"info","message":"Finished migration ChangeDependencyInfoToJson1761655473000","metadata":{"file":"migration-helpers.js","function":"logMigrationEnd","timestamp":"2026-03-24T15:16:10.411Z"}}
{"level":"info","message":"Starting migration AddAttachmentsToChatHubMessages1761773155024","metadata":{"file":"migration-helpers.js","function":"logMigrationStart","timestamp":"2026-03-24T15:16:10.415Z"}}
{"level":"info","message":"Finished migration AddAttachmentsToChatHubMessages1761773155024","metadata":{"file":"migration-helpers.js","function":"logMigrationEnd","timestamp":"2026-03-24T15:16:10.422Z"}}
{"level":"info","message":"Starting migration AddToolsColumnToChatHubTables1761830340990","metadata":{"file":"migration-helpers.js","function":"logMigrationStart","timestamp":"2026-03-24T15:16:10.426Z"}}
{"level":"info","message":"Finished migration AddToolsColumnToChatHubTables1761830340990","metadata":{"file":"migration-helpers.js","function":"logMigrationEnd","timestamp":"2026-03-24T15:16:10.440Z"}}
{"level":"info","message":"Starting migration AddWorkflowDescriptionColumn1762177736257","metadata":{"file":"migration-helpers.js","function":"logMigrationStart","timestamp":"2026-03-24T15:16:10.444Z"}}
{"level":"info","message":"Finished migration AddWorkflowDescriptionColumn1762177736257","metadata":{"file":"migration-helpers.js","function":"logMigrationEnd","timestamp":"2026-03-24T15:16:10.454Z"}}
{"level":"info","message":"Starting migration BackfillMissingWorkflowHistoryRecords1762763704614","metadata":{"file":"migration-helpers.js","function":"logMigrationStart","timestamp":"2026-03-24T15:16:10.458Z"}}
{"level":"info","message":"Finished migration BackfillMissingWorkflowHistoryRecords1762763704614","metadata":{"file":"migration-helpers.js","function":"logMigrationEnd","timestamp":"2026-03-24T15:16:10.468Z"}}
{"level":"info","message":"Starting migration AddIsGlobalColumnToCredentialsTable1762771954619","metadata":{"file":"migration-helpers.js","function":"logMigrationStart","timestamp":"2026-03-24T15:16:10.478Z"}}
{"level":"info","message":"Finished migration AddIsGlobalColumnToCredentialsTable1762771954619","metadata":{"file":"migration-helpers.js","function":"logMigrationEnd","timestamp":"2026-03-24T15:16:10.480Z"}}
{"level":"info","message":"Starting migration AddWorkflowHistoryAutoSaveFields1762847206508","metadata":{"file":"migration-helpers.js","function":"logMigrationStart","timestamp":"2026-03-24T15:16:10.489Z"}}
{"level":"info","message":"Finished migration AddWorkflowHistoryAutoSaveFields1762847206508","metadata":{"file":"migration-helpers.js","function":"logMigrationEnd","timestamp":"2026-03-24T15:16:10.498Z"}}
{"level":"info","message":"Starting migration AddActiveVersionIdColumn1763047800000","metadata":{"file":"migration-helpers.js","function":"logMigrationStart","timestamp":"2026-03-24T15:16:10.502Z"}}
{"level":"info","message":"Finished migration AddActiveVersionIdColumn1763047800000","metadata":{"file":"migration-helpers.js","function":"logMigrationEnd","timestamp":"2026-03-24T15:16:10.520Z"}}
{"level":"info","message":"Starting migration ActivateExecuteWorkflowTriggerWorkflows1763048000000","metadata":{"file":"migration-helpers.js","function":"logMigrationStart","timestamp":"2026-03-24T15:16:10.524Z"}}
{"level":"info","message":"Finished migration ActivateExecuteWorkflowTriggerWorkflows1763048000000","metadata":{"file":"migration-helpers.js","function":"logMigrationEnd","timestamp":"2026-03-24T15:16:10.525Z"}}
{"level":"info","message":"Starting migration ChangeOAuthStateColumnToUnboundedVarchar1763572724000","metadata":{"file":"migration-helpers.js","function":"logMigrationStart","timestamp":"2026-03-24T15:16:10.530Z"}}
{"level":"info","message":"Finished migration ChangeOAuthStateColumnToUnboundedVarchar1763572724000","metadata":{"file":"migration-helpers.js","function":"logMigrationEnd","timestamp":"2026-03-24T15:16:10.541Z"}}
{"level":"info","message":"Starting migration CreateBinaryDataTable1763716655000","metadata":{"file":"migration-helpers.js","function":"logMigrationStart","timestamp":"2026-03-24T15:16:10.545Z"}}
{"level":"info","message":"Finished migration CreateBinaryDataTable1763716655000","metadata":{"file":"migration-helpers.js","function":"logMigrationEnd","timestamp":"2026-03-24T15:16:10.547Z"}}
{"level":"info","message":"Starting migration CreateWorkflowPublishHistoryTable1764167920585","metadata":{"file":"migration-helpers.js","function":"logMigrationStart","timestamp":"2026-03-24T15:16:10.550Z"}}
{"level":"info","message":"Finished migration CreateWorkflowPublishHistoryTable1764167920585","metadata":{"file":"migration-helpers.js","function":"logMigrationEnd","timestamp":"2026-03-24T15:16:10.552Z"}}
{"level":"info","message":"Starting migration AddCreatorIdToProjectTable1764276827837","metadata":{"file":"migration-helpers.js","function":"logMigrationStart","timestamp":"2026-03-24T15:16:10.559Z"}}
{"level":"info","message":"Finished migration AddCreatorIdToProjectTable1764276827837","metadata":{"file":"migration-helpers.js","function":"logMigrationEnd","timestamp":"2026-03-24T15:16:10.596Z"}}
{"level":"info","message":"Starting migration CreateDynamicCredentialResolverTable1764682447000","metadata":{"file":"migration-helpers.js","function":"logMigrationStart","timestamp":"2026-03-24T15:16:10.600Z"}}
{"level":"info","message":"Finished migration CreateDynamicCredentialResolverTable1764682447000","metadata":{"file":"migration-helpers.js","function":"logMigrationEnd","timestamp":"2026-03-24T15:16:10.602Z"}}
{"level":"info","message":"Starting migration AddDynamicCredentialEntryTable1764689388394","metadata":{"file":"migration-helpers.js","function":"logMigrationStart","timestamp":"2026-03-24T15:16:10.609Z"}}
{"level":"info","message":"Finished migration AddDynamicCredentialEntryTable1764689388394","metadata":{"file":"migration-helpers.js","function":"logMigrationEnd","timestamp":"2026-03-24T15:16:10.611Z"}}
{"level":"info","message":"Starting migration AddResolvableFieldsToCredentials1764689448000","metadata":{"file":"migration-helpers.js","function":"logMigrationStart","timestamp":"2026-03-24T15:16:10.617Z"}}
{"level":"info","message":"Finished migration AddResolvableFieldsToCredentials1764689448000","metadata":{"file":"migration-helpers.js","function":"logMigrationEnd","timestamp":"2026-03-24T15:16:10.636Z"}}
{"level":"info","message":"Starting migration BackfillMissingWorkflowHistoryRecords1765448186933","metadata":{"file":"migration-helpers.js","function":"logMigrationStart","timestamp":"2026-03-24T15:16:10.640Z"}}
{"level":"info","message":"Finished migration BackfillMissingWorkflowHistoryRecords1765448186933","metadata":{"file":"migration-helpers.js","function":"logMigrationEnd","timestamp":"2026-03-24T15:16:10.641Z"}}
{"level":"info","message":"Starting migration AddIconToAgentTable1765788427674","metadata":{"file":"migration-helpers.js","function":"logMigrationStart","timestamp":"2026-03-24T15:16:10.644Z"}}
{"level":"info","message":"Finished migration AddIconToAgentTable1765788427674","metadata":{"file":"migration-helpers.js","function":"logMigrationEnd","timestamp":"2026-03-24T15:16:10.653Z"}}
{"level":"info","message":"Starting migration AddAgentIdForeignKeys1765886667897","metadata":{"file":"migration-helpers.js","function":"logMigrationStart","timestamp":"2026-03-24T15:16:10.661Z"}}
{"level":"info","message":"Finished migration AddAgentIdForeignKeys1765886667897","metadata":{"file":"migration-helpers.js","function":"logMigrationEnd","timestamp":"2026-03-24T15:16:10.690Z"}}
{"level":"info","message":"Starting migration AddWorkflowVersionIdToExecutionData1765892199653","metadata":{"file":"migration-helpers.js","function":"logMigrationStart","timestamp":"2026-03-24T15:16:10.694Z"}}
{"level":"info","message":"Finished migration AddWorkflowVersionIdToExecutionData1765892199653","metadata":{"file":"migration-helpers.js","function":"logMigrationEnd","timestamp":"2026-03-24T15:16:10.698Z"}}
{"level":"info","message":"Starting migration AddWorkflowPublishScopeToProjectRoles1766064542000","metadata":{"file":"migration-helpers.js","function":"logMigrationStart","timestamp":"2026-03-24T15:16:10.702Z"}}
{"level":"info","message":"Added workflow:publish scope to project roles with workflow:update","metadata":{"file":"1766064542000-AddWorkflowPublishScopeToProjectRoles.js","function":"up","timestamp":"2026-03-24T15:16:10.704Z"}}
{"level":"info","message":"Finished migration AddWorkflowPublishScopeToProjectRoles1766064542000","metadata":{"file":"migration-helpers.js","function":"logMigrationEnd","timestamp":"2026-03-24T15:16:10.704Z"}}
{"level":"info","message":"Starting migration AddChatMessageIndices1766068346315","metadata":{"file":"migration-helpers.js","function":"logMigrationStart","timestamp":"2026-03-24T15:16:10.707Z"}}
{"level":"info","message":"Finished migration AddChatMessageIndices1766068346315","metadata":{"file":"migration-helpers.js","function":"logMigrationEnd","timestamp":"2026-03-24T15:16:10.720Z"}}
{"level":"info","message":"Starting migration ChangeWorkflowStatisticsFKToNoAction1767018516000","metadata":{"file":"migration-helpers.js","function":"logMigrationStart","timestamp":"2026-03-24T15:16:10.722Z"}}
{"level":"info","message":"Finished migration ChangeWorkflowStatisticsFKToNoAction1767018516000","metadata":{"file":"migration-helpers.js","function":"logMigrationEnd","timestamp":"2026-03-24T15:16:10.732Z"}}
{"level":"info","message":"Starting migration ExpandModelColumnLength1768402473068","metadata":{"file":"migration-helpers.js","function":"logMigrationStart","timestamp":"2026-03-24T15:16:10.736Z"}}
{"level":"info","message":"Finished migration ExpandModelColumnLength1768402473068","metadata":{"file":"migration-helpers.js","function":"logMigrationEnd","timestamp":"2026-03-24T15:16:10.772Z"}}
{"level":"info","message":"Starting migration AddStoredAtToExecutionEntity1768557000000","metadata":{"file":"migration-helpers.js","function":"logMigrationStart","timestamp":"2026-03-24T15:16:10.776Z"}}
{"level":"info","message":"Finished migration AddStoredAtToExecutionEntity1768557000000","metadata":{"file":"migration-helpers.js","function":"logMigrationEnd","timestamp":"2026-03-24T15:16:10.778Z"}}
{"level":"info","message":"Starting migration AddDynamicCredentialUserEntryTable1768901721000","metadata":{"file":"migration-helpers.js","function":"logMigrationStart","timestamp":"2026-03-24T15:16:10.782Z"}}
{"level":"info","message":"Finished migration AddDynamicCredentialUserEntryTable1768901721000","metadata":{"file":"migration-helpers.js","function":"logMigrationEnd","timestamp":"2026-03-24T15:16:10.784Z"}}
{"level":"info","message":"Starting migration AddPublishedVersionIdToWorkflowDependency1769000000000","metadata":{"file":"migration-helpers.js","function":"logMigrationStart","timestamp":"2026-03-24T15:16:10.788Z"}}
{"level":"info","message":"Finished migration AddPublishedVersionIdToWorkflowDependency1769000000000","metadata":{"file":"migration-helpers.js","function":"logMigrationEnd","timestamp":"2026-03-24T15:16:10.799Z"}}
{"level":"info","message":"Starting migration CreateSecretsProviderConnectionTables1769433700000","metadata":{"file":"migration-helpers.js","function":"logMigrationStart","timestamp":"2026-03-24T15:16:10.803Z"}}
{"level":"info","message":"Finished migration CreateSecretsProviderConnectionTables1769433700000","metadata":{"file":"migration-helpers.js","function":"logMigrationEnd","timestamp":"2026-03-24T15:16:10.806Z"}}
{"level":"info","message":"Starting migration CreateWorkflowPublishedVersionTable1769698710000","metadata":{"file":"migration-helpers.js","function":"logMigrationStart","timestamp":"2026-03-24T15:16:10.810Z"}}
{"level":"info","message":"Finished migration CreateWorkflowPublishedVersionTable1769698710000","metadata":{"file":"migration-helpers.js","function":"logMigrationEnd","timestamp":"2026-03-24T15:16:10.812Z"}}
{"level":"info","message":"Starting migration ExpandSubjectIDColumnLength1769784356000","metadata":{"file":"migration-helpers.js","function":"logMigrationStart","timestamp":"2026-03-24T15:16:10.815Z"}}
{"level":"info","message":"Finished migration ExpandSubjectIDColumnLength1769784356000","metadata":{"file":"migration-helpers.js","function":"logMigrationEnd","timestamp":"2026-03-24T15:16:10.826Z"}}
{"level":"info","message":"Starting migration AddWorkflowUnpublishScopeToCustomRoles1769900001000","metadata":{"file":"migration-helpers.js","function":"logMigrationStart","timestamp":"2026-03-24T15:16:10.830Z"}}
{"level":"info","message":"Finished migration AddWorkflowUnpublishScopeToCustomRoles1769900001000","metadata":{"file":"migration-helpers.js","function":"logMigrationEnd","timestamp":"2026-03-24T15:16:10.832Z"}}
{"level":"info","message":"Starting migration CreateChatHubToolsTable1770000000000","metadata":{"file":"migration-helpers.js","function":"logMigrationStart","timestamp":"2026-03-24T15:16:10.836Z"}}
{"level":"info","message":"Finished migration CreateChatHubToolsTable1770000000000","metadata":{"file":"migration-helpers.js","function":"logMigrationEnd","timestamp":"2026-03-24T15:16:10.859Z"}}
{"level":"info","message":"Starting migration ExpandProviderIdColumnLength1770000000000","metadata":{"file":"migration-helpers.js","function":"logMigrationStart","timestamp":"2026-03-24T15:16:10.866Z"}}
{"level":"info","message":"Finished migration ExpandProviderIdColumnLength1770000000000","metadata":{"file":"migration-helpers.js","function":"logMigrationEnd","timestamp":"2026-03-24T15:16:10.866Z"}}
{"level":"info","message":"Starting migration CreateWorkflowBuilderSessionTable1770220686000","metadata":{"file":"migration-helpers.js","function":"logMigrationStart","timestamp":"2026-03-24T15:16:10.870Z"}}
{"level":"info","message":"Finished migration CreateWorkflowBuilderSessionTable1770220686000","metadata":{"file":"migration-helpers.js","function":"logMigrationEnd","timestamp":"2026-03-24T15:16:10.871Z"}}
{"level":"info","message":"Starting migration AddScalingFieldsToTestRun1771417407753","metadata":{"file":"migration-helpers.js","function":"logMigrationStart","timestamp":"2026-03-24T15:16:10.875Z"}}
{"level":"info","message":"Finished migration AddScalingFieldsToTestRun1771417407753","metadata":{"file":"migration-helpers.js","function":"logMigrationEnd","timestamp":"2026-03-24T15:16:10.881Z"}}
{"level":"info","message":"Starting migration MigrateExternalSecretsToEntityStorage1771500000000","metadata":{"file":"migration-helpers.js","function":"logMigrationStart","timestamp":"2026-03-24T15:16:10.884Z"}}
{"level":"info","message":"[MigrateExternalSecretsToEntityStorage1771500000000] No external secrets settings found, skipping","metadata":{"file":"1771500000000-MigrateExternalSecretsToEntityStorage.js","function":"readSettings","timestamp":"2026-03-24T15:16:10.885Z"}}
{"level":"info","message":"Finished migration MigrateExternalSecretsToEntityStorage1771500000000","metadata":{"file":"migration-helpers.js","function":"logMigrationEnd","timestamp":"2026-03-24T15:16:10.885Z"}}
{"level":"info","message":"Starting migration AddUnshareScopeToCustomRoles1771500000001","metadata":{"file":"migration-helpers.js","function":"logMigrationStart","timestamp":"2026-03-24T15:16:10.889Z"}}
{"level":"info","message":"Finished migration AddUnshareScopeToCustomRoles1771500000001","metadata":{"file":"migration-helpers.js","function":"logMigrationEnd","timestamp":"2026-03-24T15:16:10.891Z"}}
{"level":"info","message":"Starting migration AddFilesColumnToChatHubAgents1771500000002","metadata":{"file":"migration-helpers.js","function":"logMigrationStart","timestamp":"2026-03-24T15:16:10.895Z"}}
{"level":"info","message":"Finished migration AddFilesColumnToChatHubAgents1771500000002","metadata":{"file":"migration-helpers.js","function":"logMigrationEnd","timestamp":"2026-03-24T15:16:10.904Z"}}
{"level":"info","message":"Starting migration AddSuggestedPromptsToAgentTable1772000000000","metadata":{"file":"migration-helpers.js","function":"logMigrationStart","timestamp":"2026-03-24T15:16:10.908Z"}}
{"level":"info","message":"Finished migration AddSuggestedPromptsToAgentTable1772000000000","metadata":{"file":"migration-helpers.js","function":"logMigrationEnd","timestamp":"2026-03-24T15:16:10.918Z"}}
{"level":"info","message":"Starting migration AddRoleColumnToProjectSecretsProviderAccess1772619247761","metadata":{"file":"migration-helpers.js","function":"logMigrationStart","timestamp":"2026-03-24T15:16:10.922Z"}}
{"level":"info","message":"Finished migration AddRoleColumnToProjectSecretsProviderAccess1772619247761","metadata":{"file":"migration-helpers.js","function":"logMigrationEnd","timestamp":"2026-03-24T15:16:10.940Z"}}
{"level":"info","message":"Starting migration ChangeWorkflowPublishedVersionFKsToRestrict1772619247762","metadata":{"file":"migration-helpers.js","function":"logMigrationStart","timestamp":"2026-03-24T15:16:10.944Z"}}
{"level":"info","message":"Finished migration ChangeWorkflowPublishedVersionFKsToRestrict1772619247762","metadata":{"file":"migration-helpers.js","function":"logMigrationEnd","timestamp":"2026-03-24T15:16:10.978Z"}}
{"level":"info","message":"Starting migration AddTypeToChatHubSessions1772700000000","metadata":{"file":"migration-helpers.js","function":"logMigrationStart","timestamp":"2026-03-24T15:16:10.985Z"}}
{"level":"info","message":"Finished migration AddTypeToChatHubSessions1772700000000","metadata":{"file":"migration-helpers.js","function":"logMigrationEnd","timestamp":"2026-03-24T15:16:11.001Z"}}
{"level":"info","message":"Starting migration CreateCredentialDependencyTable1773000000000","metadata":{"file":"migration-helpers.js","function":"logMigrationStart","timestamp":"2026-03-24T15:16:11.004Z"}}
{"level":"info","message":"[CreateCredentialDependencyTable1773000000000] Backfilled credential dependencies for 0 credentials. Inserted 0 dependencies.","metadata":{"file":"1773000000000-CreateCredentialDependencyTable.js","function":"up","timestamp":"2026-03-24T15:16:11.010Z"}}
{"level":"info","message":"Finished migration CreateCredentialDependencyTable1773000000000","metadata":{"file":"migration-helpers.js","function":"logMigrationEnd","timestamp":"2026-03-24T15:16:11.011Z"}}
{"level":"info","message":"n8n Task Broker ready on 127.0.0.1, port 5679","metadata":{"file":"task-broker-server.js","function":"setupHttpServer","timestamp":"2026-03-24T15:16:11.046Z"}}
{"level":"warn","message":"Failed to start Python task runner in internal mode. because Python 3 is missing from this system. Launching a Python runner in internal mode is intended only for debugging and is not recommended for production. Users are encouraged to deploy in external mode. See: https://docs.n8n.io/hosting/configuration/task-runners/#setting-up-external-mode","metadata":{"file":"task-runner-module.js","function":"startInternalTaskRunners","scopes":["task-runner"],"timestamp":"2026-03-24T15:16:11.105Z"}}
{"level":"warn","message":"\nThere is a deprecation related to your environment variables. Please take the recommended actions to update your configuration:\n - N8N_RUNNERS_ENABLED -> Remove this environment variable; it is no longer needed.\n","metadata":{"file":"deprecation.service.js","function":"warn","timestamp":"2026-03-24T15:16:11.140Z"}}
{"level":"info","message":"[license SDK] Skipping renewal on init: license cert is not initialized","metadata":{"file":"LicenseManager.js","function":"log","scopes":["license"],"timestamp":"2026-03-24T15:16:11.154Z"}}
{"level":"info","message":"Registered runner \"JS Task Runner\" (6FDWYcdN6COtpSQZ7Cs72) ","metadata":{"file":"task-broker-ws-server.js","function":"onMessage","timestamp":"2026-03-24T15:16:13.286Z"}}
{"level":"info","message":"Version: 2.14.0","metadata":{"file":"abstract-server.js","function":"start","timestamp":"2026-03-24T15:16:14.550Z"}}
{"level":"info","message":"Building workflow dependency index...","metadata":{"file":"workflow-index.service.js","timestamp":"2026-03-24T15:16:14.553Z"}}
{"level":"info","message":"Finished building workflow dependency index. Processed 0 draft workflows, 0 published workflows.","metadata":{"file":"workflow-index.service.js","timestamp":"2026-03-24T15:16:14.594Z"}}
{"level":"info","message":"\nEditor is now accessible via:\nhttp:\\\\ai.agentic.services.local:5678","metadata":{"file":"base-command.js","function":"log","timestamp":"2026-03-24T15:16:14.595Z"}}
{"level":"info","message":"Received SIGTERM. Shutting down...","metadata":{"file":"base-command.js","timestamp":"2026-03-24T15:24:47.912Z"}}
{"level":"info","message":"[runnner:js] Received SIGTERM signal, shutting down...","metadata":{"file":"forward-to-logger.js","timestamp":"2026-03-24T15:24:47.941Z"}}
{"level":"info","message":"[runnner:js] Task runner stopped","metadata":{"file":"forward-to-logger.js","timestamp":"2026-03-24T15:24:47.944Z"}}
{"level":"info","message":"\nStopping n8n...","metadata":{"file":"start.js","function":"stopProcess","timestamp":"2026-03-24T15:24:47.958Z"}}
